2025-09-09 00:35:40 - chatbot.api - INFO - main.py:50 - Welcome endpoint called
2025-09-09 00:35:56 - chatbot.api - INFO - main.py:55 - Received chat request: hey (session_id=string)
2025-09-09 00:36:44 - chatbot.api - INFO - main.py:55 - Received chat request: help me style my house (session_id=string)
2025-09-09 00:38:44 - chatbot.api - INFO - main.py:55 - Received chat request: help me return a product (session_id=string)
2025-09-09 00:39:22 - chatbot.api - INFO - main.py:55 - Received chat request: help me style my living room (session_id=string)
2025-09-09 00:40:10 - chatbot.api - INFO - main.py:55 - Received chat request: modern (session_id=string)
2025-09-09 00:45:57 - chatbot.api - INFO - main.py:55 - Received chat request: modern living room style (session_id=None)
2025-09-09 00:49:47 - chatbot.api - INFO - main.py:53 - Received chat request: modern living room style (session_id=None)
2025-09-09 00:52:54 - chatbot.api - INFO - main.py:51 - Received chat request: modern living room style (session_id=None)
2025-09-09 00:55:33 - chatbot.api - INFO - main.py:57 - Received chat request: modern living room style (session_id=None)
2025-09-09 00:59:53 - chatbot.api - INFO - main.py:57 - Received chat request: modern living room style (session_id=None)
2025-09-09 01:02:49 - chatbot.api - INFO - main.py:57 - Received chat request: modern living room style (session_id=None)
2025-09-09 01:03:10 - chatbot.api - INFO - main.py:57 - Received chat request: hey (session_id=None)
2025-09-09 01:03:28 - chatbot.api - INFO - main.py:57 - Received chat request: i want to track an order (session_id=None)
2025-09-09 01:03:48 - chatbot.api - INFO - main.py:57 - Received chat request: tell me about the rug (session_id=None)
2025-09-10 00:38:43 - chatbot.api - INFO - main.py:51 - Welcome endpoint called
2025-09-10 00:40:00 - chatbot.api - INFO - main.py:57 - Received chat request: help me style my house (session_id=string)
2025-09-10 00:46:46 - chatbot.api - INFO - main.py:51 - Welcome endpoint called
2025-09-10 00:47:08 - chatbot.api - INFO - main.py:57 - Received chat request: jelp me style my house (session_id=string)
2025-09-10 02:05:16 - chatbot.api - INFO - main.py:51 - Welcome endpoint called
2025-09-10 02:05:41 - chatbot.api - INFO - main.py:57 - Received chat request: style my bedroom (session_id=string)
2025-09-10 08:45:14 - chatbot.api - INFO - main.py:51 - Welcome endpoint called
2025-09-10 08:45:43 - chatbot.api - INFO - main.py:57 - Received chat request: Help me style my house (session_id=string)
2025-09-10 09:04:13 - chatbot.api - INFO - main.py:58 - Welcome endpoint called
2025-09-10 09:04:49 - chatbot.api - INFO - main.py:76 - Received chat request: help me style my house (session_id=string)
